[8.411s] DEBUG:colcon:Command line arguments: ['/usr/bin/colcon', 'build']
[8.411s] DEBUG:colcon:Parsed command line arguments: Namespace(allow_overriding=[], ament_cmake_args=None, base_paths=['.'], build_base='build', catkin_cmake_args=None, catkin_skip_building_tests=False, cmake_args=None, cmake_clean_cache=False, cmake_clean_first=False, cmake_force_configure=False, cmake_target=None, cmake_target_skip_unavailable=False, continue_on_error=False, event_handlers=None, executor='parallel', ignore_user_meta=False, install_base='install', log_base=None, log_level=None, main=<bound method BuildVerb.main of <colcon_core.verb.build.BuildVerb object at 0xffffa1aa9520>>, merge_install=False, metas=['./colcon.meta'], packages_above=None, packages_above_and_dependencies=None, packages_above_depth=None, packages_end=None, packages_ignore=None, packages_ignore_regex=None, packages_select=None, packages_select_build_failed=False, packages_select_by_dep=None, packages_select_regex=None, packages_select_test_failures=False, packages_skip=None, packages_skip_build_finished=False, packages_skip_by_dep=None, packages_skip_regex=None, packages_skip_test_passed=False, packages_skip_up_to=None, packages_start=None, packages_up_to=None, packages_up_to_regex=None, parallel_workers=4, paths=None, symlink_install=False, test_result_base=None, verb_extension=<colcon_core.verb.build.BuildVerb object at 0xffffa1aa9520>, verb_name='build', verb_parser=<colcon_defaults.argument_parser.defaults.DefaultArgumentsDecorator object at 0xffffa1aa96d0>)
[8.790s] Level 1:colcon.colcon_core.package_discovery:discover_packages(colcon_meta) check parameters
[8.790s] Level 1:colcon.colcon_core.package_discovery:discover_packages(recursive) check parameters
[8.791s] Level 1:colcon.colcon_core.package_discovery:discover_packages(ignore) check parameters
[8.791s] Level 1:colcon.colcon_core.package_discovery:discover_packages(path) check parameters
[8.791s] Level 1:colcon.colcon_core.package_discovery:discover_packages(colcon_meta) discover
[8.791s] Level 1:colcon.colcon_core.package_discovery:discover_packages(recursive) discover
[8.791s] INFO:colcon.colcon_core.package_discovery:Crawling recursively for packages in '/home/f1tenth/f1tenth_ws/src/drift_detector/drift_detector'
[8.792s] Level 1:colcon.colcon_core.package_identification:_identify(.) by extensions ['ignore', 'ignore_ament_install']
[8.792s] Level 1:colcon.colcon_core.package_identification:_identify(.) by extension 'ignore'
[8.792s] Level 1:colcon.colcon_core.package_identification:_identify(.) by extension 'ignore_ament_install'
[8.793s] Level 1:colcon.colcon_core.package_identification:_identify(.) by extensions ['colcon_pkg']
[8.793s] Level 1:colcon.colcon_core.package_identification:_identify(.) by extension 'colcon_pkg'
[8.793s] Level 1:colcon.colcon_core.package_identification:_identify(.) by extensions ['colcon_meta']
[8.793s] Level 1:colcon.colcon_core.package_identification:_identify(.) by extension 'colcon_meta'
[8.793s] Level 1:colcon.colcon_core.package_identification:_identify(.) by extensions ['ros']
[8.793s] Level 1:colcon.colcon_core.package_identification:_identify(.) by extension 'ros'
[8.840s] Level 1:colcon.colcon_core.package_identification:_identify(.) by extensions ['cmake', 'python']
[8.840s] Level 1:colcon.colcon_core.package_identification:_identify(.) by extension 'cmake'
[8.840s] Level 1:colcon.colcon_core.package_identification:_identify(.) by extension 'python'
[8.841s] Level 1:colcon.colcon_core.package_identification:_identify(.) by extensions ['python_setup_py']
[8.841s] Level 1:colcon.colcon_core.package_identification:_identify(.) by extension 'python_setup_py'
[8.841s] Level 1:colcon.colcon_core.package_identification:_identify(build) by extensions ['ignore', 'ignore_ament_install']
[8.842s] Level 1:colcon.colcon_core.package_identification:_identify(build) by extension 'ignore'
[8.842s] Level 1:colcon.colcon_core.package_identification:_identify(build) ignored
[8.842s] Level 1:colcon.colcon_core.package_identification:_identify(install) by extensions ['ignore', 'ignore_ament_install']
[8.843s] Level 1:colcon.colcon_core.package_identification:_identify(install) by extension 'ignore'
[8.843s] Level 1:colcon.colcon_core.package_identification:_identify(install) ignored
[8.843s] Level 1:colcon.colcon_core.package_identification:_identify(log) by extensions ['ignore', 'ignore_ament_install']
[8.844s] Level 1:colcon.colcon_core.package_identification:_identify(log) by extension 'ignore'
[8.844s] Level 1:colcon.colcon_core.package_identification:_identify(log) ignored
[8.844s] Level 1:colcon.colcon_core.package_discovery:discover_packages(recursive) using defaults
[8.844s] Level 1:colcon.colcon_core.package_discovery:discover_packages(ignore) discover
[8.844s] Level 1:colcon.colcon_core.package_discovery:discover_packages(ignore) using defaults
[8.844s] Level 1:colcon.colcon_core.package_discovery:discover_packages(path) discover
[8.845s] Level 1:colcon.colcon_core.package_discovery:discover_packages(path) using defaults
[9.548s] Level 1:colcon.colcon_core.package_discovery:discover_packages(prefix_path) check parameters
[9.548s] Level 1:colcon.colcon_core.package_discovery:discover_packages(prefix_path) discover
[9.815s] DEBUG:colcon.colcon_installed_package_information.package_discovery:Found 18 installed packages in /home/f1tenth/f1tenth_ws/install
[9.948s] DEBUG:colcon.colcon_installed_package_information.package_discovery:Found 304 installed packages in /opt/ros/foxy
[9.955s] Level 1:colcon.colcon_core.package_discovery:discover_packages(prefix_path) using defaults
[10.567s] INFO:colcon.colcon_core.executor:Executing jobs using 'parallel' executor
[10.693s] DEBUG:colcon.colcon_parallel_executor.executor.parallel:run_until_complete
[10.694s] DEBUG:colcon.colcon_parallel_executor.executor.parallel:closing loop
[10.695s] DEBUG:colcon.colcon_parallel_executor.executor.parallel:loop closed
[10.695s] DEBUG:colcon.colcon_parallel_executor.executor.parallel:run_until_complete finished with '0'
[10.695s] DEBUG:colcon.colcon_core.event_reactor:joining thread
[10.848s] INFO:colcon.colcon_core.plugin_system:Skipping extension 'colcon_notification.desktop_notification.terminal_notifier': Not used on non-Darwin systems
[10.849s] INFO:colcon.colcon_core.plugin_system:Skipping extension 'colcon_notification.desktop_notification.win32': Not used on non-Windows systems
[10.849s] INFO:colcon.colcon_notification.desktop_notification:Sending desktop notification using 'notify2'
[10.929s] DEBUG:colcon.colcon_core.event_reactor:joined thread
[11.082s] INFO:colcon.colcon_core.plugin_system:Skipping extension 'colcon_core.shell.bat': Not used on non-Windows systems
[11.083s] INFO:colcon.colcon_core.shell:Creating prefix script '/home/f1tenth/f1tenth_ws/src/drift_detector/drift_detector/install/local_setup.ps1'
[11.087s] INFO:colcon.colcon_core.shell:Creating prefix util module '/home/f1tenth/f1tenth_ws/src/drift_detector/drift_detector/install/_local_setup_util_ps1.py'
[11.092s] INFO:colcon.colcon_core.shell:Creating prefix chain script '/home/f1tenth/f1tenth_ws/src/drift_detector/drift_detector/install/setup.ps1'
[11.228s] INFO:colcon.colcon_core.shell:Creating prefix script '/home/f1tenth/f1tenth_ws/src/drift_detector/drift_detector/install/local_setup.sh'
[11.231s] INFO:colcon.colcon_core.shell:Creating prefix util module '/home/f1tenth/f1tenth_ws/src/drift_detector/drift_detector/install/_local_setup_util_sh.py'
[11.232s] INFO:colcon.colcon_core.shell:Creating prefix chain script '/home/f1tenth/f1tenth_ws/src/drift_detector/drift_detector/install/setup.sh'
[11.366s] INFO:colcon.colcon_core.shell:Creating prefix script '/home/f1tenth/f1tenth_ws/src/drift_detector/drift_detector/install/local_setup.bash'
[11.369s] INFO:colcon.colcon_core.shell:Creating prefix chain script '/home/f1tenth/f1tenth_ws/src/drift_detector/drift_detector/install/setup.bash'
[11.502s] INFO:colcon.colcon_core.shell:Creating prefix script '/home/f1tenth/f1tenth_ws/src/drift_detector/drift_detector/install/local_setup.zsh'
[11.504s] INFO:colcon.colcon_core.shell:Creating prefix chain script '/home/f1tenth/f1tenth_ws/src/drift_detector/drift_detector/install/setup.zsh'
